\BOOKMARK [1][-]{section.1}{Implications of Membrane Potential}{}% 1
\BOOKMARK [1][-]{section.2}{Hypothesis}{}% 2
\BOOKMARK [1][-]{section.3}{Calculating Membrane Potential}{}% 3
\BOOKMARK [1][-]{section.4}{Distance Between Plates:}{}% 4
\BOOKMARK [1][-]{section.5}{S-Parameters}{}% 5
\BOOKMARK [1][-]{section.6}{Transmembrane Potential}{}% 6
\BOOKMARK [1][-]{section.7}{Materials}{}% 7
\BOOKMARK [2][-]{subsection.7.1}{Copper Plates}{section.7}% 8
\BOOKMARK [2][-]{subsection.7.2}{Copper Wire Leads}{section.7}% 9
\BOOKMARK [2][-]{subsection.7.3}{3-D printed Beaker}{section.7}% 10
\BOOKMARK [2][-]{subsection.7.4}{Micrometer}{section.7}% 11
\BOOKMARK [2][-]{subsection.7.5}{Test Fixture Stand}{section.7}% 12
\BOOKMARK [2][-]{subsection.7.6}{Cells}{section.7}% 13
\BOOKMARK [2][-]{subsection.7.7}{Hewlett-Packard 8735E Network Analyzer 30kHz - 6GHz}{section.7}% 14
\BOOKMARK [1][-]{section.8}{Methods}{}% 15
\BOOKMARK [2][-]{subsection.8.1}{Cell Concentration}{section.8}% 16
\BOOKMARK [1][-]{section.9}{Procedure for splitting cells for regrowth and testing}{}% 17
\BOOKMARK [2][-]{subsection.9.1}{Tools and Equipment}{section.9}% 18
\BOOKMARK [2][-]{subsection.9.2}{Personal Safety Equipment}{section.9}% 19
\BOOKMARK [2][-]{subsection.9.3}{Notes}{section.9}% 20
\BOOKMARK [2][-]{subsection.9.4}{Procedure}{section.9}% 21
\BOOKMARK [1][-]{section.10}{Experiment Procedure}{}% 22
\BOOKMARK [1][-]{section.11}{Conclusion}{}% 23
\BOOKMARK [1][-]{section.12}{Acknowledgement}{}% 24
\BOOKMARK [1][-]{section*.1}{References}{}% 25
